{
  "RSpec": {
    "coverage": {
      "/Users/malachaifrazier/Desktop/Projects/opencarelist/app/helpers/application_helper.rb": {
        "lines": [
          1,
          null
        ]
      },
      "/Users/malachaifrazier/Desktop/Projects/opencarelist/app/controllers/application_controller.rb": {
        "lines": [
          0,
          null,
          0,
          null,
          null,
          0,
          0
        ],
        "branches": {}
      },
      "/Users/malachaifrazier/Desktop/Projects/opencarelist/app/jobs/application_job.rb": {
        "lines": [
          0,
          null,
          null,
          null,
          null,
          null,
          0
        ],
        "branches": {}
      },
      "/Users/malachaifrazier/Desktop/Projects/opencarelist/app/mailers/application_mailer.rb": {
        "lines": [
          0,
          0,
          0,
          0
        ],
        "branches": {}
      },
      "/Users/malachaifrazier/Desktop/Projects/opencarelist/app/models/application_record.rb": {
        "lines": [
          0,
          0,
          0
        ],
        "branches": {}
      },
      "/Users/malachaifrazier/Desktop/Projects/opencarelist/lib/import/master_csv_importer.rb": {
        "lines": [
          null,
          null,
          null,
          0,
          null,
          0,
          0,
          0,
          0,
          0,
          0,
          null,
          0,
          0,
          0,
          null,
          0,
          0,
          0,
          null,
          0,
          0,
          null,
          0,
          null,
          0,
          0,
          0,
          0,
          0,
          null,
          0,
          0,
          0,
          null,
          0,
          null,
          0,
          0,
          0,
          null,
          0,
          0,
          0,
          0,
          0,
          0,
          0,
          0,
          0,
          null,
          0,
          0,
          0,
          0,
          0,
          0,
          0,
          0,
          0,
          0,
          0,
          0,
          0,
          0
        ],
        "branches": {}
      }
    },
    "timestamp": 1765515821
  }
}
